<?xml version="1.0" encoding="UTF-8"?>
<!-- Generated by org.testng.reporters.JUnitReportReporter -->
<testsuite name="testng_suites.Grouping" tests="6" time="0.048" ignored="0" failures="0" timestamp="23 Feb 2022 03:05:39 GMT" skipped="0" hostname="user-PC" errors="0">
  <testcase name="e1" time="0.003" classname="testng_suites.Grouping"/>
  <testcase name="a1" time="0.029" classname="testng_suites.Grouping"/>
  <testcase name="c1" time="0.001" classname="testng_suites.Grouping"/>
  <testcase name="d1" time="0.007" classname="testng_suites.Grouping"/>
  <testcase name="b1" time="0.001" classname="testng_suites.Grouping"/>
  <testcase name="f1" time="0.007" classname="testng_suites.Grouping"/>
</testsuite> <!-- testng_suites.Grouping -->
