<?xml version="1.0" encoding="UTF-8"?>
<!-- Generated by org.testng.reporters.JUnitReportReporter -->
<testsuite name="testng_suites.Grouping2" tests="6" time="0.023" ignored="0" failures="0" timestamp="23 Feb 2022 03:05:39 GMT" skipped="0" hostname="user-PC" errors="0">
  <testcase name="n1" time="0.002" classname="testng_suites.Grouping2"/>
  <testcase name="z1" time="0.001" classname="testng_suites.Grouping2"/>
  <testcase name="m1" time="0.001" classname="testng_suites.Grouping2"/>
  <testcase name="l1" time="0.004" classname="testng_suites.Grouping2"/>
  <testcase name="x1" time="0.009" classname="testng_suites.Grouping2"/>
  <testcase name="o1" time="0.006" classname="testng_suites.Grouping2"/>
</testsuite> <!-- testng_suites.Grouping2 -->
