<?xml version="1.0" encoding="UTF-8"?>
<!-- Generated by org.testng.reporters.JUnitReportReporter -->
<testsuite name="testng_annotations.DataProviderDemo" tests="4" time="137.141" ignored="0" failures="0" timestamp="20 Feb 2022 15:17:05 GMT" skipped="0" hostname="user-PC" errors="0">
  <testcase name="fbLogin" time="20.608" classname="testng_annotations.DataProviderDemo"/>
  <testcase name="fbLogin" time="47.153" classname="testng_annotations.DataProviderDemo"/>
  <testcase name="fbLogin" time="32.047" classname="testng_annotations.DataProviderDemo"/>
  <testcase name="fbLogin" time="37.333" classname="testng_annotations.DataProviderDemo"/>
</testsuite> <!-- testng_annotations.DataProviderDemo -->
