<?xml version="1.0" encoding="UTF-8"?>
<!-- Generated by org.testng.reporters.JUnitReportReporter -->
<testsuite name="testng_suites.Grouping" tests="1" time="0.050" ignored="5" failures="0" timestamp="23 Feb 2022 02:39:34 GMT" skipped="0" hostname="user-PC" errors="0">
  <testcase name="b1" time="0.050" classname="testng_suites.Grouping"/>
  <testcase name="f1" classname="testng_suites.Grouping">
    <skipped/>
  </testcase> <!-- f1 -->
  <testcase name="c1" classname="testng_suites.Grouping">
    <skipped/>
  </testcase> <!-- c1 -->
  <testcase name="e1" classname="testng_suites.Grouping">
    <skipped/>
  </testcase> <!-- e1 -->
  <testcase name="d1" classname="testng_suites.Grouping">
    <skipped/>
  </testcase> <!-- d1 -->
  <testcase name="a1" classname="testng_suites.Grouping">
    <skipped/>
  </testcase> <!-- a1 -->
</testsuite> <!-- testng_suites.Grouping -->
