<?xml version="1.0" encoding="UTF-8"?>
<!-- Generated by org.testng.reporters.JUnitReportReporter -->
<testsuite name="testng_annotations.InvocationCount" tests="7" time="0.105" ignored="0" failures="0" timestamp="20 Feb 2022 14:21:42 GMT" skipped="0" hostname="user-PC" errors="0">
  <testcase name="a1" time="0.063" classname="testng_annotations.InvocationCount"/>
  <testcase name="b1" time="0.007" classname="testng_annotations.InvocationCount"/>
  <testcase name="c1" time="0.010" classname="testng_annotations.InvocationCount"/>
  <testcase name="b1" time="0.005" classname="testng_annotations.InvocationCount"/>
  <testcase name="b1" time="0.005" classname="testng_annotations.InvocationCount"/>
  <testcase name="b1" time="0.007" classname="testng_annotations.InvocationCount"/>
  <testcase name="b1" time="0.008" classname="testng_annotations.InvocationCount"/>
</testsuite> <!-- testng_annotations.InvocationCount -->
