<?xml version="1.0" encoding="UTF-8"?>
<!-- Generated by org.testng.reporters.JUnitReportReporter -->
<testsuite name="testng_annotations.Ignore" tests="1" time="0.082" ignored="1" failures="0" timestamp="20 Feb 2022 14:33:08 GMT" skipped="0" hostname="user-PC" errors="0">
  <testcase name="a1" time="0.082" classname="testng_annotations.Ignore"/>
  <testcase name="b1" classname="testng_annotations.Ignore">
    <skipped/>
  </testcase> <!-- b1 -->
</testsuite> <!-- testng_annotations.Ignore -->
