<?xml version="1.0" encoding="UTF-8"?>
<!-- Generated by org.testng.reporters.JUnitReportReporter -->
<testsuite name="testng_suites.Grouping2" tests="2" time="0.022" ignored="8" failures="0" timestamp="23 Feb 2022 02:30:22 GMT" skipped="0" hostname="user-PC" errors="0">
  <testcase name="m1" time="0.017" classname="testng_suites.Grouping2"/>
  <testcase name="o1" time="0.005" classname="testng_suites.Grouping2"/>
  <testcase name="z1" classname="testng_suites.Grouping2">
    <skipped/>
  </testcase> <!-- z1 -->
  <testcase name="x1" classname="testng_suites.Grouping2">
    <skipped/>
  </testcase> <!-- x1 -->
  <testcase name="n1" classname="testng_suites.Grouping2">
    <skipped/>
  </testcase> <!-- n1 -->
  <testcase name="l1" classname="testng_suites.Grouping2">
    <skipped/>
  </testcase> <!-- l1 -->
  <testcase name="c1" classname="testng_suites.Grouping">
    <skipped/>
  </testcase> <!-- c1 -->
  <testcase name="e1" classname="testng_suites.Grouping">
    <skipped/>
  </testcase> <!-- e1 -->
  <testcase name="d1" classname="testng_suites.Grouping">
    <skipped/>
  </testcase> <!-- d1 -->
  <testcase name="a1" classname="testng_suites.Grouping">
    <skipped/>
  </testcase> <!-- a1 -->
</testsuite> <!-- testng_suites.Grouping2 -->
