<?xml version="1.0" encoding="UTF-8"?>
<!-- Generated by org.testng.reporters.JUnitReportReporter -->
<testsuite name="testng_annotations.FBLogin" tests="2" time="33.299" ignored="0" failures="0" timestamp="20 Feb 2022 14:54:23 GMT" skipped="0" hostname="user-PC" errors="0">
  <testcase name="fbLogin" time="16.120" classname="testng_annotations.FBLogin"/>
  <testcase name="forgottenAccountLink" time="17.179" classname="testng_annotations.FBLogin"/>
</testsuite> <!-- testng_annotations.FBLogin -->
