<?xml version="1.0" encoding="UTF-8"?>
<!-- Generated by org.testng.reporters.JUnitReportReporter -->
<testsuite name="parallel_execution.CreateAccountTest" tests="2" time="110.421" ignored="0" failures="0" timestamp="22 Feb 2022 02:29:40 GMT" skipped="0" hostname="user-PC" errors="0">
  <testcase name="createAccount" time="75.706" classname="parallel_execution.CreateAccountTest"/>
  <testcase name="createAccount" time="34.715" classname="parallel_execution.CreateAccountTest"/>
</testsuite> <!-- parallel_execution.CreateAccountTest -->
