<?xml version="1.0" encoding="UTF-8"?>
<!-- Generated by org.testng.reporters.JUnitReportReporter -->
<testsuite name="parallel_execution.LoginTest" tests="1" time="18.923" ignored="1" failures="0" timestamp="22 Feb 2022 03:04:36 GMT" skipped="0" hostname="user-PC" errors="0">
  <testcase name="fbLogin" time="18.923" classname="parallel_execution.LoginTest"/>
  <testcase name="forgottenAccountLink" classname="parallel_execution.LoginTest">
    <skipped/>
  </testcase> <!-- forgottenAccountLink -->
</testsuite> <!-- parallel_execution.LoginTest -->
