<?xml version="1.0" encoding="UTF-8"?>
<!-- Generated by org.testng.reporters.JUnitReportReporter -->
<testsuite name="testng_annotations.ExceptionsDemo" tests="1" time="0.065" ignored="0" failures="0" timestamp="20 Feb 2022 14:46:52 GMT" skipped="0" hostname="user-PC" errors="0">
  <testcase name="login" time="0.065" classname="testng_annotations.ExceptionsDemo"/>
</testsuite> <!-- testng_annotations.ExceptionsDemo -->
