<?xml version="1.0" encoding="UTF-8"?>
<!-- Generated by org.testng.reporters.JUnitReportReporter -->
<testsuite name="testng_annotations.Grouping" tests="2" time="0.069" ignored="12" failures="0" timestamp="23 Feb 2022 02:27:19 GMT" skipped="0" hostname="user-PC" errors="0">
  <testcase name="c1" time="0.058" classname="testng_annotations.Grouping"/>
  <testcase name="e1" time="0.011" classname="testng_annotations.Grouping"/>
  <testcase name="f1" classname="testng_suites.Grouping">
    <skipped/>
  </testcase> <!-- f1 -->
  <testcase name="b1" classname="testng_suites.Grouping">
    <skipped/>
  </testcase> <!-- b1 -->
  <testcase name="d1" classname="testng_suites.Grouping">
    <skipped/>
  </testcase> <!-- d1 -->
  <testcase name="a1" classname="testng_suites.Grouping">
    <skipped/>
  </testcase> <!-- a1 -->
  <testcase name="x1" classname="testng_suites.Grouping2">
    <skipped/>
  </testcase> <!-- x1 -->
  <testcase name="o1" classname="testng_suites.Grouping2">
    <skipped/>
  </testcase> <!-- o1 -->
  <testcase name="m1" classname="testng_suites.Grouping2">
    <skipped/>
  </testcase> <!-- m1 -->
  <testcase name="l1" classname="testng_suites.Grouping2">
    <skipped/>
  </testcase> <!-- l1 -->
  <testcase name="a1" classname="testng_annotations.Grouping">
    <skipped/>
  </testcase> <!-- a1 -->
  <testcase name="b1" classname="testng_annotations.Grouping">
    <skipped/>
  </testcase> <!-- b1 -->
  <testcase name="d1" classname="testng_annotations.Grouping">
    <skipped/>
  </testcase> <!-- d1 -->
  <testcase name="f1" classname="testng_annotations.Grouping">
    <skipped/>
  </testcase> <!-- f1 -->
</testsuite> <!-- testng_annotations.Grouping -->
