<?xml version="1.0" encoding="UTF-8"?>
<!-- Generated by org.testng.reporters.JUnitReportReporter -->
<testsuite name="testng_annotations.TestNG_Features" tests="5" time="0.153" ignored="0" failures="0" timestamp="20 Feb 2022 14:17:39 GMT" skipped="0" hostname="user-PC" errors="0">
  <testcase name="a1" time="0.008" classname="testng_annotations.TestNG_Features"/>
  <testcase name="d1" time="0.007" classname="testng_annotations.TestNG_Features"/>
  <testcase name="e1" time="0.011" classname="testng_annotations.TestNG_Features"/>
  <testcase name="b1" time="0.029" classname="testng_annotations.TestNG_Features"/>
  <testcase name="c1" time="0.098" classname="testng_annotations.TestNG_Features"/>
</testsuite> <!-- testng_annotations.TestNG_Features -->
